<?xml version="1.0" encoding="UTF-8"?>
<!-- Generated by org.testng.reporters.JUnitReportReporter -->
<testsuite skipped="0" hostname="DESKTOP-049QI7N" name="TestScripts" tests="1" failures="0" timestamp="27 Aug 2019 02:21:43 GMT" time="7.439" errors="0">
  <testcase name="testOne" time="7.439" classname="TestScripts"/>
</testsuite> <!-- TestScripts -->
